<?xml version="1.0" encoding="UTF-8"?>
<testng-results skipped="0" failed="0" ignored="0" total="2" passed="2">
  <reporter-output>
  </reporter-output>
  <suite name="Default suite" duration-ms="31423" started-at="2021-04-15T14:20:53 IST" finished-at="2021-04-15T14:21:24 IST">
    <groups>
    </groups>
    <test name="Default test" duration-ms="31423" started-at="2021-04-15T14:20:53 IST" finished-at="2021-04-15T14:21:24 IST">
      <class name="TestNG.OHRMLogin">
        <test-method status="PASS" signature="BeforeMethod()[pri:0, instance:TestNG.OHRMLogin@47ef968d]" name="BeforeMethod" is-config="true" duration-ms="21473" started-at="2021-04-15T14:20:53 IST" finished-at="2021-04-15T14:21:14 IST">
          <reporter-output>
          </reporter-output>
        </test-method> <!-- BeforeMethod -->
        <test-method status="PASS" signature="Login()[pri:0, instance:TestNG.OHRMLogin@47ef968d]" name="Login" duration-ms="6104" started-at="2021-04-15T14:21:14 IST" finished-at="2021-04-15T14:21:20 IST">
          <reporter-output>
          </reporter-output>
        </test-method> <!-- Login -->
        <test-method status="PASS" signature="orangehrmDemo()[pri:0, instance:TestNG.OHRMLogin@47ef968d]" name="orangehrmDemo" duration-ms="1560" started-at="2021-04-15T14:21:20 IST" finished-at="2021-04-15T14:21:22 IST">
          <reporter-output>
          </reporter-output>
        </test-method> <!-- orangehrmDemo -->
        <test-method status="PASS" signature="afterMethod()[pri:0, instance:TestNG.OHRMLogin@47ef968d]" name="afterMethod" is-config="true" duration-ms="2223" started-at="2021-04-15T14:21:22 IST" finished-at="2021-04-15T14:21:24 IST">
          <reporter-output>
          </reporter-output>
        </test-method> <!-- afterMethod -->
      </class> <!-- TestNG.OHRMLogin -->
    </test> <!-- Default test -->
  </suite> <!-- Default suite -->
</testng-results>
